<!DOCTYPE html PUBLIC "-//W3C//DTD XHTML 1.1//EN" "https://www.w3.org/TR/xhtml11/DTD/xhtml11.dtd">
<html xmlns="https://www.w3.org/1999/xhtml">
<head>
<meta http-equiv="content-type" content="text/html; charset=UTF-8"/>
<title>TestNG Report</title>
<style type="text/css">table {margin-bottom:10px;border-collapse:collapse;empty-cells:show}th,td {border:1px solid #009;padding:.25em .5em}th {vertical-align:bottom}td {vertical-align:top}table a {font-weight:bold}.stripe td {background-color: #E6EBF9}.num {text-align:right}.passedodd td {background-color: #3F3}.passedeven td {background-color: #0A0}.skippedodd td {background-color: #DDD}.skippedeven td {background-color: #CCC}.failedodd td,.attn {background-color: #F33}.failedeven td,.stripe .attn {background-color: #D00}.stacktrace {white-space:pre;font-family:monospace}.totop {font-size:85%;text-align:center;border-bottom:2px solid #000}.invisible {display:none}</style>
</head>
<body>
<table>
<tr><th>Test</th><th># Passed</th><th># Skipped</th><th># Retried</th><th># Failed</th><th>Time (ms)</th><th>Included Groups</th><th>Excluded Groups</th></tr>
<tr><th colspan="8">Suite</th></tr>
<tr><td><a href="#t0">Test</a></td><td class="num">6</td><td class="num">0</td><td class="num attn">7</td><td class="num attn">1</td><td class="num">165,976</td><td>smoke</td><td></td></tr>
</table>
<table id='summary'><thead><tr><th>Class</th><th>Method</th><th>Start</th><th>Time (ms)</th></tr></thead><tbody><tr><th colspan="4">Suite</th></tr></tbody><tbody id="t0"><tr><th colspan="4">Test &#8212; failed</th></tr><tr class="failedeven"><td rowspan="1">com.tekpyramid.tms.userTest.CreateEnquiryTest</td><td><a href="#m0">createEnquiryTest</a></td><td rowspan="1">1758478631136</td><td rowspan="1">861</td></tr><tr><th colspan="4">Test &#8212; retried</th></tr><tr class="retriedeven"><td rowspan="2">com.tekpyramid.tms.adminTest.CreateTourPackageTest</td><td><a href="#m1">createTourPackageTest</a></td><td rowspan="2">1758478554831</td><td rowspan="2">22267</td></tr><tr class="retriedeven"><td><a href="#m2">createTourPackageTest</a></td></tr><tr class="retriedodd"><td rowspan="5">com.tekpyramid.tms.userTest.CreateEnquiryTest</td><td><a href="#m3">createEnquiryTest</a></td><td rowspan="5">1758478622714</td><td rowspan="5">906</td></tr><tr class="retriedodd"><td><a href="#m4">createEnquiryTest</a></td></tr><tr class="retriedodd"><td><a href="#m5">createEnquiryTest</a></td></tr><tr class="retriedodd"><td><a href="#m6">createEnquiryTest</a></td></tr><tr class="retriedodd"><td><a href="#m7">createEnquiryTest</a></td></tr><tr><th colspan="4">Test &#8212; passed</th></tr><tr class="passedeven"><td rowspan="1">com.tekpyramid.tms.adminTest.AdminLoginTest</td><td><a href="#m8">adminLoginTest</a></td><td rowspan="1">1758478608198</td><td rowspan="1">6720</td></tr><tr class="passedodd"><td rowspan="1">com.tekpyramid.tms.adminTest.CreateTourPackageTest</td><td><a href="#m9">createTourPackageTest</a></td><td rowspan="1">1758478577649</td><td rowspan="1">8502</td></tr><tr class="passedeven"><td rowspan="1">com.tekpyramid.tms.adminTest.ManageTourPackageTest</td><td><a href="#m10">createTourPackageTest</a></td><td rowspan="1">1758478595482</td><td rowspan="1">4753</td></tr><tr class="passedodd"><td rowspan="1">com.tekpyramid.tms.userTest.CreateBookingTest</td><td><a href="#m11">createBookingTest</a></td><td rowspan="1">1758478668008</td><td rowspan="1">8503</td></tr><tr class="passedeven"><td rowspan="1">com.tekpyramid.tms.userTest.UserLoginTest</td><td><a href="#m12">userLoginTest</a></td><td rowspan="1">1758478650910</td><td rowspan="1">9155</td></tr><tr class="passedodd"><td rowspan="1">com.tekpyramid.tms.userTest.UserSignUpTest</td><td><a href="#m13">userSignUpTest</a></td><td rowspan="1">1758478640236</td><td rowspan="1">2320</td></tr></tbody>
</table>
<h2>Test</h2><h3 id="m0">com.tekpyramid.tms.userTest.CreateEnquiryTest#createEnquiryTest</h3><table class="result"><tr><th>Exception</th></tr><tr><td><div class="stacktrace">java.lang.AssertionError: Enquiry is not successfully created expected [true] but found [false]
	at com.tekpyramid.tms.userTest.CreateEnquiryTest.createEnquiryTest(CreateEnquiryTest.java:38)
	at java.base/java.util.ArrayList.forEach(ArrayList.java:1604)
... Removed 28 stack frames</div></td></tr></table><p class="totop"><a href="#summary">back to summary</a></p>
<h3 id="m1">com.tekpyramid.tms.adminTest.CreateTourPackageTest#createTourPackageTest</h3><table class="result"><tr><th>Exception</th></tr><tr><td><div class="stacktrace">org.openqa.selenium.TimeoutException: Expected condition failed: waiting for element to be clickable: [[FirefoxDriver: firefox on windows (223f4db2-2dc9-488d-9b5d-2a4511448a1e)] -&gt; xpath: //div/button[@name=&apos;submit&apos;]] (tried for 20 second(s) with 500 milliseconds interval)
Build info: version: &apos;4.35.0&apos;, revision: &apos;1c58e5028b&apos;
System info: os.name: &apos;Windows 11&apos;, os.arch: &apos;amd64&apos;, os.version: &apos;10.0&apos;, java.version: &apos;25&apos;
Driver info: org.openqa.selenium.firefox.FirefoxDriver
Capabilities {acceptInsecureCerts: true, browserName: firefox, browserVersion: 143.0.1, moz:accessibilityChecks: false, moz:buildID: 20250918214338, moz:geckodriverVersion: 0.36.0, moz:headless: false, moz:platformVersion: 10.0, moz:processID: 24080, moz:profile: C:\Users\panwa\AppData\Loca..., moz:shutdownTimeout: 60000, moz:webdriverClick: true, moz:windowless: false, pageLoadStrategy: normal, platformName: windows, proxy: Proxy(), setWindowRect: true, strictFileInteractability: false, timeouts: {implicit: 0, pageLoad: 300000, script: 30000}, unhandledPromptBehavior: dismiss and notify, userAgent: Mozilla/5.0 (Windows NT 10....}
Session ID: 223f4db2-2dc9-488d-9b5d-2a4511448a1e
	at org.openqa.selenium.support.ui.WebDriverWait.timeoutException(WebDriverWait.java:84)
	at org.openqa.selenium.support.ui.FluentWait.until(FluentWait.java:228)
	at com.tekpyramid.tms.generic.webdriverutility.WebDriverUtility.waitForElementClickable(WebDriverUtility.java:30)
	at com.tekpyramid.tms.objectrepositoryutility.CreatePackagePage.createNewPackage(CreatePackagePage.java:81)
	at com.tekpyramid.tms.adminTest.CreateTourPackageTest.createTourPackageTest(CreateTourPackageTest.java:45)
	at java.base/java.util.ArrayList.forEach(ArrayList.java:1604)
... Removed 25 stack frames</div></td></tr></table><p class="totop"><a href="#summary">back to summary</a></p>
<h3 id="m2">com.tekpyramid.tms.adminTest.CreateTourPackageTest#createTourPackageTest</h3><table class="result"><tr><th>Exception</th></tr><tr><td><div class="stacktrace">org.openqa.selenium.TimeoutException: Expected condition failed: waiting for element to be clickable: [[FirefoxDriver: firefox on windows (223f4db2-2dc9-488d-9b5d-2a4511448a1e)] -&gt; xpath: //div/button[@name=&apos;submit&apos;]] (tried for 20 second(s) with 500 milliseconds interval)
Build info: version: &apos;4.35.0&apos;, revision: &apos;1c58e5028b&apos;
System info: os.name: &apos;Windows 11&apos;, os.arch: &apos;amd64&apos;, os.version: &apos;10.0&apos;, java.version: &apos;25&apos;
Driver info: org.openqa.selenium.firefox.FirefoxDriver
Capabilities {acceptInsecureCerts: true, browserName: firefox, browserVersion: 143.0.1, moz:accessibilityChecks: false, moz:buildID: 20250918214338, moz:geckodriverVersion: 0.36.0, moz:headless: false, moz:platformVersion: 10.0, moz:processID: 24080, moz:profile: C:\Users\panwa\AppData\Loca..., moz:shutdownTimeout: 60000, moz:webdriverClick: true, moz:windowless: false, pageLoadStrategy: normal, platformName: windows, proxy: Proxy(), setWindowRect: true, strictFileInteractability: false, timeouts: {implicit: 0, pageLoad: 300000, script: 30000}, unhandledPromptBehavior: dismiss and notify, userAgent: Mozilla/5.0 (Windows NT 10....}
Session ID: 223f4db2-2dc9-488d-9b5d-2a4511448a1e
	at org.openqa.selenium.support.ui.WebDriverWait.timeoutException(WebDriverWait.java:84)
	at org.openqa.selenium.support.ui.FluentWait.until(FluentWait.java:228)
	at com.tekpyramid.tms.generic.webdriverutility.WebDriverUtility.waitForElementClickable(WebDriverUtility.java:30)
	at com.tekpyramid.tms.objectrepositoryutility.CreatePackagePage.createNewPackage(CreatePackagePage.java:81)
	at com.tekpyramid.tms.adminTest.CreateTourPackageTest.createTourPackageTest(CreateTourPackageTest.java:45)
	at java.base/java.util.ArrayList.forEach(ArrayList.java:1604)
... Removed 25 stack frames</div></td></tr></table><p class="totop"><a href="#summary">back to summary</a></p>
<h3 id="m3">com.tekpyramid.tms.userTest.CreateEnquiryTest#createEnquiryTest</h3><table class="result"><tr><th>Exception</th></tr><tr><td><div class="stacktrace">java.lang.AssertionError: Enquiry is not successfully created expected [true] but found [false]
	at com.tekpyramid.tms.userTest.CreateEnquiryTest.createEnquiryTest(CreateEnquiryTest.java:38)
	at java.base/java.util.ArrayList.forEach(ArrayList.java:1604)
... Removed 28 stack frames</div></td></tr></table><p class="totop"><a href="#summary">back to summary</a></p>
<h3 id="m4">com.tekpyramid.tms.userTest.CreateEnquiryTest#createEnquiryTest</h3><table class="result"><tr><th>Exception</th></tr><tr><td><div class="stacktrace">java.lang.AssertionError: Enquiry is not successfully created expected [true] but found [false]
	at com.tekpyramid.tms.userTest.CreateEnquiryTest.createEnquiryTest(CreateEnquiryTest.java:38)
	at java.base/java.util.ArrayList.forEach(ArrayList.java:1604)
... Removed 28 stack frames</div></td></tr></table><p class="totop"><a href="#summary">back to summary</a></p>
<h3 id="m5">com.tekpyramid.tms.userTest.CreateEnquiryTest#createEnquiryTest</h3><table class="result"><tr><th>Exception</th></tr><tr><td><div class="stacktrace">java.lang.AssertionError: Enquiry is not successfully created expected [true] but found [false]
	at com.tekpyramid.tms.userTest.CreateEnquiryTest.createEnquiryTest(CreateEnquiryTest.java:38)
	at java.base/java.util.ArrayList.forEach(ArrayList.java:1604)
... Removed 28 stack frames</div></td></tr></table><p class="totop"><a href="#summary">back to summary</a></p>
<h3 id="m6">com.tekpyramid.tms.userTest.CreateEnquiryTest#createEnquiryTest</h3><table class="result"><tr><th>Exception</th></tr><tr><td><div class="stacktrace">java.lang.AssertionError: Enquiry is not successfully created expected [true] but found [false]
	at com.tekpyramid.tms.userTest.CreateEnquiryTest.createEnquiryTest(CreateEnquiryTest.java:38)
	at java.base/java.util.ArrayList.forEach(ArrayList.java:1604)
... Removed 28 stack frames</div></td></tr></table><p class="totop"><a href="#summary">back to summary</a></p>
<h3 id="m7">com.tekpyramid.tms.userTest.CreateEnquiryTest#createEnquiryTest</h3><table class="result"><tr><th>Exception</th></tr><tr><td><div class="stacktrace">java.lang.AssertionError: Enquiry is not successfully created expected [true] but found [false]
	at com.tekpyramid.tms.userTest.CreateEnquiryTest.createEnquiryTest(CreateEnquiryTest.java:38)
	at java.base/java.util.ArrayList.forEach(ArrayList.java:1604)
... Removed 28 stack frames</div></td></tr></table><p class="totop"><a href="#summary">back to summary</a></p>
<h3 id="m8">com.tekpyramid.tms.adminTest.AdminLoginTest#adminLoginTest</h3><table class="result"><tr><th class="invisible"/></tr></table><p class="totop"><a href="#summary">back to summary</a></p>
<h3 id="m9">com.tekpyramid.tms.adminTest.CreateTourPackageTest#createTourPackageTest</h3><table class="result"><tr><th class="invisible"/></tr></table><p class="totop"><a href="#summary">back to summary</a></p>
<h3 id="m10">com.tekpyramid.tms.adminTest.ManageTourPackageTest#createTourPackageTest</h3><table class="result"><tr><th class="invisible"/></tr></table><p class="totop"><a href="#summary">back to summary</a></p>
<h3 id="m11">com.tekpyramid.tms.userTest.CreateBookingTest#createBookingTest</h3><table class="result"><tr><th class="invisible"/></tr></table><p class="totop"><a href="#summary">back to summary</a></p>
<h3 id="m12">com.tekpyramid.tms.userTest.UserLoginTest#userLoginTest</h3><table class="result"><tr><th class="invisible"/></tr></table><p class="totop"><a href="#summary">back to summary</a></p>
<h3 id="m13">com.tekpyramid.tms.userTest.UserSignUpTest#userSignUpTest</h3><table class="result"><tr><th class="invisible"/></tr></table><p class="totop"><a href="#summary">back to summary</a></p>
</body>
</html>
