<?xml version="1.0" encoding="UTF-8"?>
<!-- Generated by org.testng.reporters.JUnitXMLReporter -->
<testsuite ignored="18" hostname="Rikki_PC" failures="1" tests="14" name="Test" time="165.976" errors="0" timestamp="2025-09-21T23:47:57 IST">
  <testcase classname="com.tekpyramid.tms.adminTest.CreateTourPackageTest" name="createTourPackageTest" time="26.976">
    <skipped/>
  </testcase> <!-- createTourPackageTest -->
  <testcase classname="com.tekpyramid.tms.adminTest.CreateTourPackageTest" name="createTourPackageTest" time="22.267">
    <skipped/>
  </testcase> <!-- createTourPackageTest -->
  <testcase classname="com.tekpyramid.tms.adminTest.CreateTourPackageTest" name="createTourPackageTest" time="8.502"/>
  <testcase classname="com.tekpyramid.tms.adminTest.ManageTourPackageTest" name="createTourPackageTest" time="4.753"/>
  <testcase classname="com.tekpyramid.tms.adminTest.AdminLoginTest" name="adminLoginTest" time="6.72"/>
  <testcase classname="com.tekpyramid.tms.userTest.CreateEnquiryTest" name="createEnquiryTest" time="0.906">
    <skipped/>
  </testcase> <!-- createEnquiryTest -->
  <testcase classname="com.tekpyramid.tms.userTest.CreateEnquiryTest" name="createEnquiryTest" time="0.943">
    <skipped/>
  </testcase> <!-- createEnquiryTest -->
  <testcase classname="com.tekpyramid.tms.userTest.CreateEnquiryTest" name="createEnquiryTest" time="0.944">
    <skipped/>
  </testcase> <!-- createEnquiryTest -->
  <testcase classname="com.tekpyramid.tms.userTest.CreateEnquiryTest" name="createEnquiryTest" time="0.815">
    <skipped/>
  </testcase> <!-- createEnquiryTest -->
  <testcase classname="com.tekpyramid.tms.userTest.CreateEnquiryTest" name="createEnquiryTest" time="0.754">
    <skipped/>
  </testcase> <!-- createEnquiryTest -->
  <testcase classname="com.tekpyramid.tms.userTest.CreateEnquiryTest" name="createEnquiryTest" time="0.861">
    <failure type="java.lang.AssertionError" message="Enquiry is not successfully created expected [true] but found [false]">
      <![CDATA[java.lang.AssertionError: Enquiry is not successfully created expected [true] but found [false]
at com.tekpyramid.tms.userTest.CreateEnquiryTest.createEnquiryTest(CreateEnquiryTest.java:38)
at java.base/java.util.ArrayList.forEach(ArrayList.java:1604)
... Removed 28 stack frames]]>
    </failure>
  </testcase> <!-- createEnquiryTest -->
  <testcase classname="com.tekpyramid.tms.userTest.UserSignUpTest" name="userSignUpTest" time="2.32"/>
  <testcase classname="com.tekpyramid.tms.userTest.UserLoginTest" name="userLoginTest" time="9.155"/>
  <testcase classname="com.tekpyramid.tms.userTest.CreateBookingTest" name="createBookingTest" time="8.503"/>
  <testcase classname="com.tekpyramid.tms.basetest.BaseClass" name="@AfterSuite configAS" time="0.0">
    <ignored/>
  </testcase> <!-- @AfterSuite configAS -->
  <testcase classname="com.tekpyramid.tms.basetest.BaseClass" name="@AfterSuite configAS" time="0.0">
    <ignored/>
  </testcase> <!-- @AfterSuite configAS -->
  <testcase classname="com.tekpyramid.tms.adminTest.AdminCreateTourAndUserBooksTest" name="adminCreateTourUserBooksAndAdminConfirmTest" time="0.0">
    <ignored/>
  </testcase> <!-- adminCreateTourUserBooksAndAdminConfirmTest -->
  <testcase classname="com.tekpyramid.tms.basetest.BaseClass" name="@AfterSuite configAS" time="0.0">
    <ignored/>
  </testcase> <!-- @AfterSuite configAS -->
  <testcase classname="com.tekpyramid.tms.basetest.BaseClass" name="@AfterSuite configAS" time="0.0">
    <ignored/>
  </testcase> <!-- @AfterSuite configAS -->
  <testcase classname="com.tekpyramid.tms.basetest.BaseClass" name="@AfterSuite configAS" time="0.0">
    <ignored/>
  </testcase> <!-- @AfterSuite configAS -->
  <testcase classname="com.tekpyramid.tms.basetest.BaseClass" name="@BeforeSuite configBS" time="0.0">
    <ignored/>
  </testcase> <!-- @BeforeSuite configBS -->
  <testcase classname="com.tekpyramid.tms.basetest.BaseClass" name="@BeforeSuite configBS" time="0.0">
    <ignored/>
  </testcase> <!-- @BeforeSuite configBS -->
  <testcase classname="com.tekpyramid.tms.basetest.BaseClass" name="@BeforeSuite configBS" time="0.0">
    <ignored/>
  </testcase> <!-- @BeforeSuite configBS -->
  <testcase classname="com.tekpyramid.tms.basetest.BaseClass" name="@AfterSuite configAS" time="0.0">
    <ignored/>
  </testcase> <!-- @AfterSuite configAS -->
  <testcase classname="com.tekpyramid.tms.basetest.BaseClass" name="@BeforeSuite configBS" time="0.0">
    <ignored/>
  </testcase> <!-- @BeforeSuite configBS -->
  <testcase classname="com.tekpyramid.tms.userTest.UserSignupAndLoginTest" name="userSignupAndLoginTest" time="0.0">
    <ignored/>
  </testcase> <!-- userSignupAndLoginTest -->
  <testcase classname="com.tekpyramid.tms.basetest.BaseClass" name="@BeforeSuite configBS" time="0.0">
    <ignored/>
  </testcase> <!-- @BeforeSuite configBS -->
  <testcase classname="com.tekpyramid.tms.basetest.BaseClass" name="@BeforeSuite configBS" time="0.0">
    <ignored/>
  </testcase> <!-- @BeforeSuite configBS -->
  <testcase classname="com.tekpyramid.tms.basetest.BaseClass" name="@AfterSuite configAS" time="0.0">
    <ignored/>
  </testcase> <!-- @AfterSuite configAS -->
  <testcase classname="com.tekpyramid.tms.basetest.BaseClass" name="@BeforeSuite configBS" time="0.0">
    <ignored/>
  </testcase> <!-- @BeforeSuite configBS -->
  <testcase classname="com.tekpyramid.tms.basetest.BaseClass" name="@AfterSuite configAS" time="0.0">
    <ignored/>
  </testcase> <!-- @AfterSuite configAS -->
  <testcase classname="com.tekpyramid.tms.basetest.BaseClass" name="@BeforeSuite configBS" time="0.0">
    <ignored/>
  </testcase> <!-- @BeforeSuite configBS -->
</testsuite> <!-- Test -->
